     [echo] build logged to build_07-09-2014_(04-32-03).log
init:  duration 0 seconds

setClassPath:
[pathconvert] Set property test.classpath = E:\workplace\Yatra:E:\workplace\Yatra\SeleniuamJar\allJar\ATUReporter_Selenium_testNG_5.1.1.jar:E:\workplace\Yatra\SeleniuamJar\allJar\ATUTestRecorder_2.1.jar:E:\workplace\Yatra\SeleniuamJar\allJar\ios-server-0.6.0.jar:E:\workplace\Yatra\SeleniuamJar\allJar\ios-server-standalone-0.6.6-SNAPSHOT.jar:E:\workplace\Yatra\SeleniuamJar\allJar\jcommon-1.0.17.jar:E:\workplace\Yatra\SeleniuamJar\allJar\jfreechart-1.0.14.jar:E:\workplace\Yatra\SeleniuamJar\allJar\log4j-1.2.13.jar:E:\workplace\Yatra\SeleniuamJar\allJar\log4j-1.2.17.jar:E:\workplace\Yatra\SeleniuamJar\allJar\mysql-connector-java-5.1.18-bin.jar:E:\workplace\Yatra\SeleniuamJar\allJar\poi-3.10-FINAL-20140208.jar:E:\workplace\Yatra\SeleniuamJar\allJar\poi-examples-3.10-FINAL-20140208.jar:E:\workplace\Yatra\SeleniuamJar\allJar\poi-excelant-3.10-FINAL-20140208.jar:E:\workplace\Yatra\SeleniuamJar\allJar\poi-ooxml-3.10-FINAL-20140208.jar:E:\workplace\Yatra\SeleniuamJar\allJar\poi-ooxml-schemas-3.10-FINAL-20140208.jar:E:\workplace\Yatra\SeleniuamJar\allJar\poi-scratchpad-3.10-FINAL-20140208.jar:E:\workplace\Yatra\SeleniuamJar\allJar\protobuf-java-2.4.1.jar:E:\workplace\Yatra\SeleniuamJar\allJar\sac-1.3 2.jar:E:\workplace\Yatra\SeleniuamJar\allJar\sac-1.3.jar:E:\workplace\Yatra\SeleniuamJar\allJar\selendroid-grid-plugin-0.8.0.jar:E:\workplace\Yatra\SeleniuamJar\allJar\selendroid-standalone-0.8.0-with-dependencies.jar:E:\workplace\Yatra\SeleniuamJar\allJar\selenium-iphone-driver-2.20.0.jar:E:\workplace\Yatra\SeleniuamJar\allJar\selenium-java-2.40.0-srcs.jar:E:\workplace\Yatra\SeleniuamJar\allJar\selenium-java-2.40.0.jar:E:\workplace\Yatra\SeleniuamJar\allJar\selenium-server-standalone-2.42.2 (1).jar:E:\workplace\Yatra\SeleniuamJar\allJar\serializer-2.7.1.jar:E:\workplace\Yatra\SeleniuamJar\allJar\stax-api-1.0.1.jar:E:\workplace\Yatra\SeleniuamJar\allJar\svgSalamander.jar:E:\workplace\Yatra\SeleniuamJar\allJar\testng-6.8.5.jar:E:\workplace\Yatra\SeleniuamJar\allJar\xalan-2.7.1.jar:E:\workplace\Yatra\SeleniuamJar\allJar\xercesImpl-2.10.0.jar:E:\workplace\Yatra\SeleniuamJar\allJar\xml-apis-1.4.01.jar:E:\workplace\Yatra\SeleniuamJar\allJar\xmlbeans-2.3.0.jar
setClassPath:  duration 0 seconds

loadTestNG:
loadTestNG:  duration 0 seconds

compile:
     [echo] classpath:E:\workplace\Yatra:E:\workplace\Yatra\SeleniuamJar\allJar\ATUReporter_Selenium_testNG_5.1.1.jar:E:\workplace\Yatra\SeleniuamJar\allJar\ATUTestRecorder_2.1.jar:E:\workplace\Yatra\SeleniuamJar\allJar\ios-server-0.6.0.jar:E:\workplace\Yatra\SeleniuamJar\allJar\ios-server-standalone-0.6.6-SNAPSHOT.jar:E:\workplace\Yatra\SeleniuamJar\allJar\jcommon-1.0.17.jar:E:\workplace\Yatra\SeleniuamJar\allJar\jfreechart-1.0.14.jar:E:\workplace\Yatra\SeleniuamJar\allJar\log4j-1.2.13.jar:E:\workplace\Yatra\SeleniuamJar\allJar\log4j-1.2.17.jar:E:\workplace\Yatra\SeleniuamJar\allJar\mysql-connector-java-5.1.18-bin.jar:E:\workplace\Yatra\SeleniuamJar\allJar\poi-3.10-FINAL-20140208.jar:E:\workplace\Yatra\SeleniuamJar\allJar\poi-examples-3.10-FINAL-20140208.jar:E:\workplace\Yatra\SeleniuamJar\allJar\poi-excelant-3.10-FINAL-20140208.jar:E:\workplace\Yatra\SeleniuamJar\allJar\poi-ooxml-3.10-FINAL-20140208.jar:E:\workplace\Yatra\SeleniuamJar\allJar\poi-ooxml-schemas-3.10-FINAL-20140208.jar:E:\workplace\Yatra\SeleniuamJar\allJar\poi-scratchpad-3.10-FINAL-20140208.jar:E:\workplace\Yatra\SeleniuamJar\allJar\protobuf-java-2.4.1.jar:E:\workplace\Yatra\SeleniuamJar\allJar\sac-1.3 2.jar:E:\workplace\Yatra\SeleniuamJar\allJar\sac-1.3.jar:E:\workplace\Yatra\SeleniuamJar\allJar\selendroid-grid-plugin-0.8.0.jar:E:\workplace\Yatra\SeleniuamJar\allJar\selendroid-standalone-0.8.0-with-dependencies.jar:E:\workplace\Yatra\SeleniuamJar\allJar\selenium-iphone-driver-2.20.0.jar:E:\workplace\Yatra\SeleniuamJar\allJar\selenium-java-2.40.0-srcs.jar:E:\workplace\Yatra\SeleniuamJar\allJar\selenium-java-2.40.0.jar:E:\workplace\Yatra\SeleniuamJar\allJar\selenium-server-standalone-2.42.2 (1).jar:E:\workplace\Yatra\SeleniuamJar\allJar\serializer-2.7.1.jar:E:\workplace\Yatra\SeleniuamJar\allJar\stax-api-1.0.1.jar:E:\workplace\Yatra\SeleniuamJar\allJar\svgSalamander.jar:E:\workplace\Yatra\SeleniuamJar\allJar\testng-6.8.5.jar:E:\workplace\Yatra\SeleniuamJar\allJar\xalan-2.7.1.jar:E:\workplace\Yatra\SeleniuamJar\allJar\xercesImpl-2.10.0.jar:E:\workplace\Yatra\SeleniuamJar\allJar\xml-apis-1.4.01.jar:E:\workplace\Yatra\SeleniuamJar\allJar\xmlbeans-2.3.0.jar
     [echo] compiling..........
    [javac] E:\workplace\Yatra\src\Yathra.properties skipped - don't know how to handle it
    [javac] E:\workplace\Yatra\src\atu.properties skipped - don't know how to handle it
    [javac] com\Yatra\automationscript\FlightMulticity.java added as com\Yatra\automationscript\FlightMulticity.class doesn't exist.
    [javac] com\Yatra\automationscript\FlightOneWay.java added as com\Yatra\automationscript\FlightOneWay.class doesn't exist.
    [javac] com\Yatra\automationscript\FlightTowWay.java added as com\Yatra\automationscript\FlightTowWay.class doesn't exist.
    [javac] com\Yatra\automationscript\SighinIn.java added as com\Yatra\automationscript\SighinIn.class doesn't exist.
    [javac] com\Yatra\automationscript\SighinUp.java added as com\Yatra\automationscript\SighinUp.class doesn't exist.
    [javac] com\Yatra\bean\FlightOneWayData.java added as com\Yatra\bean\FlightOneWayData.class doesn't exist.
    [javac] com\Yatra\bean\SighinIndata.java added as com\Yatra\bean\SighinIndata.class doesn't exist.
    [javac] com\Yatra\bean\SighinUpdetail.java added as com\Yatra\bean\SighinUpdetail.class doesn't exist.
    [javac] com\Yatra\dblayer\CreatTabe.java added as com\Yatra\dblayer\CreatTabe.class doesn't exist.
    [javac] com\Yatra\dblayer\DataStorge.java added as com\Yatra\dblayer\DataStorge.class doesn't exist.
    [javac] com\Yatra\dblayer\DealateData.java added as com\Yatra\dblayer\DealateData.class doesn't exist.
    [javac] com\Yatra\dblayer\Exceldatamanager.java added as com\Yatra\dblayer\Exceldatamanager.class doesn't exist.
    [javac] com\Yatra\dblayer\InsertData.java added as com\Yatra\dblayer\InsertData.class doesn't exist.
    [javac] com\Yatra\dblayer\LikeClouse.java added as com\Yatra\dblayer\LikeClouse.class doesn't exist.
    [javac] com\Yatra\dblayer\SQLserver.java added as com\Yatra\dblayer\SQLserver.class doesn't exist.
    [javac] com\Yatra\dblayer\SelectRacord.java added as com\Yatra\dblayer\SelectRacord.class doesn't exist.
    [javac] com\Yatra\dblayer\UpdateRacord.java added as com\Yatra\dblayer\UpdateRacord.class doesn't exist.
    [javac] com\Yatra\dblayer\WhereData.java added as com\Yatra\dblayer\WhereData.class doesn't exist.
    [javac] E:\workplace\Yatra\src\com\Yatra\dblayer\log4j.xml skipped - don't know how to handle it
    [javac] com\Yatra\objectrepositroy\FlightOneWayLocater.java added as com\Yatra\objectrepositroy\FlightOneWayLocater.class doesn't exist.
    [javac] com\Yatra\objectrepositroy\FlightmulticityLocater.java added as com\Yatra\objectrepositroy\FlightmulticityLocater.class doesn't exist.
    [javac] com\Yatra\objectrepositroy\SighinInLocater.java added as com\Yatra\objectrepositroy\SighinInLocater.class doesn't exist.
    [javac] com\Yatra\objectrepositroy\SighinUpData.java added as com\Yatra\objectrepositroy\SighinUpData.class doesn't exist.
    [javac] com\Yatra\utilites\BussenesCompernat.java added as com\Yatra\utilites\BussenesCompernat.class doesn't exist.
    [javac] com\Yatra\utilites\PropertyHandler.java added as com\Yatra\utilites\PropertyHandler.class doesn't exist.
    [javac] com\Yatra\utilites\YatraAbstract.java added as com\Yatra\utilites\YatraAbstract.class doesn't exist.
    [javac] com\Yatra\utilites\Yatradriver.java added as com\Yatra\utilites\Yatradriver.class doesn't exist.
    [javac] Compiling 26 source files to E:\workplace\Yatra\build
    [javac] Using modern compiler
    [javac] Compilation arguments:
'-d'
'E:\workplace\Yatra\build'
'-classpath'
'E:\workplace\Yatra\build;E:\workplace\Yatra;E:\workplace\Yatra\SeleniuamJar\allJar\ATUReporter_Selenium_testNG_5.1.1.jar;E:\workplace\Yatra\SeleniuamJar\allJar\ATUTestRecorder_2.1.jar;E:\workplace\Yatra\SeleniuamJar\allJar\ios-server-0.6.0.jar;E:\workplace\Yatra\SeleniuamJar\allJar\ios-server-standalone-0.6.6-SNAPSHOT.jar;E:\workplace\Yatra\SeleniuamJar\allJar\jcommon-1.0.17.jar;E:\workplace\Yatra\SeleniuamJar\allJar\jfreechart-1.0.14.jar;E:\workplace\Yatra\SeleniuamJar\allJar\log4j-1.2.13.jar;E:\workplace\Yatra\SeleniuamJar\allJar\log4j-1.2.17.jar;E:\workplace\Yatra\SeleniuamJar\allJar\mysql-connector-java-5.1.18-bin.jar;E:\workplace\Yatra\SeleniuamJar\allJar\poi-3.10-FINAL-20140208.jar;E:\workplace\Yatra\SeleniuamJar\allJar\poi-examples-3.10-FINAL-20140208.jar;E:\workplace\Yatra\SeleniuamJar\allJar\poi-excelant-3.10-FINAL-20140208.jar;E:\workplace\Yatra\SeleniuamJar\allJar\poi-ooxml-3.10-FINAL-20140208.jar;E:\workplace\Yatra\SeleniuamJar\allJar\poi-ooxml-schemas-3.10-FINAL-20140208.jar;E:\workplace\Yatra\SeleniuamJar\allJar\poi-scratchpad-3.10-FINAL-20140208.jar;E:\workplace\Yatra\SeleniuamJar\allJar\protobuf-java-2.4.1.jar;E:\workplace\Yatra\SeleniuamJar\allJar\sac-1.3 2.jar;E:\workplace\Yatra\SeleniuamJar\allJar\sac-1.3.jar;E:\workplace\Yatra\SeleniuamJar\allJar\selendroid-grid-plugin-0.8.0.jar;E:\workplace\Yatra\SeleniuamJar\allJar\selendroid-standalone-0.8.0-with-dependencies.jar;E:\workplace\Yatra\SeleniuamJar\allJar\selenium-iphone-driver-2.20.0.jar;E:\workplace\Yatra\SeleniuamJar\allJar\selenium-java-2.40.0-srcs.jar;E:\workplace\Yatra\SeleniuamJar\allJar\selenium-java-2.40.0.jar;E:\workplace\Yatra\SeleniuamJar\allJar\selenium-server-standalone-2.42.2 (1).jar;E:\workplace\Yatra\SeleniuamJar\allJar\serializer-2.7.1.jar;E:\workplace\Yatra\SeleniuamJar\allJar\stax-api-1.0.1.jar;E:\workplace\Yatra\SeleniuamJar\allJar\svgSalamander.jar;E:\workplace\Yatra\SeleniuamJar\allJar\testng-6.8.5.jar;E:\workplace\Yatra\SeleniuamJar\allJar\xalan-2.7.1.jar;E:\workplace\Yatra\SeleniuamJar\allJar\xercesImpl-2.10.0.jar;E:\workplace\Yatra\SeleniuamJar\allJar\xml-apis-1.4.01.jar;E:\workplace\Yatra\SeleniuamJar\allJar\xmlbeans-2.3.0.jar'
'-sourcepath'
'E:\workplace\Yatra\src'
'-g:none'

The ' characters around the executable and arguments are
not part of the command.
    [javac] Files to be compiled:
    E:\workplace\Yatra\src\com\Yatra\automationscript\FlightMulticity.java
    E:\workplace\Yatra\src\com\Yatra\automationscript\FlightOneWay.java
    E:\workplace\Yatra\src\com\Yatra\automationscript\FlightTowWay.java
    E:\workplace\Yatra\src\com\Yatra\automationscript\SighinIn.java
    E:\workplace\Yatra\src\com\Yatra\automationscript\SighinUp.java
    E:\workplace\Yatra\src\com\Yatra\bean\FlightOneWayData.java
    E:\workplace\Yatra\src\com\Yatra\bean\SighinIndata.java
    E:\workplace\Yatra\src\com\Yatra\bean\SighinUpdetail.java
    E:\workplace\Yatra\src\com\Yatra\dblayer\CreatTabe.java
    E:\workplace\Yatra\src\com\Yatra\dblayer\DataStorge.java
    E:\workplace\Yatra\src\com\Yatra\dblayer\DealateData.java
    E:\workplace\Yatra\src\com\Yatra\dblayer\Exceldatamanager.java
    E:\workplace\Yatra\src\com\Yatra\dblayer\InsertData.java
    E:\workplace\Yatra\src\com\Yatra\dblayer\LikeClouse.java
    E:\workplace\Yatra\src\com\Yatra\dblayer\SQLserver.java
    E:\workplace\Yatra\src\com\Yatra\dblayer\SelectRacord.java
    E:\workplace\Yatra\src\com\Yatra\dblayer\UpdateRacord.java
    E:\workplace\Yatra\src\com\Yatra\dblayer\WhereData.java
    E:\workplace\Yatra\src\com\Yatra\objectrepositroy\FlightOneWayLocater.java
    E:\workplace\Yatra\src\com\Yatra\objectrepositroy\FlightmulticityLocater.java
    E:\workplace\Yatra\src\com\Yatra\objectrepositroy\SighinInLocater.java
    E:\workplace\Yatra\src\com\Yatra\objectrepositroy\SighinUpData.java
    E:\workplace\Yatra\src\com\Yatra\utilites\BussenesCompernat.java
    E:\workplace\Yatra\src\com\Yatra\utilites\PropertyHandler.java
    E:\workplace\Yatra\src\com\Yatra\utilites\YatraAbstract.java
    E:\workplace\Yatra\src\com\Yatra\utilites\Yatradriver.java
compile:  duration 3 seconds

BUILD SUCCESSFUL
