     [echo] build logged to build_14-09-2014_(17-47-55).log
init:  duration 0 seconds

setClassPath:
[pathconvert] Set property test.classpath = E:\workplace\Yatra:E:\workplace\Yatra\lib\ATUReporter_Selenium_testNG_5.1.1.jar:E:\workplace\Yatra\lib\ATUTestRecorder_2.1.jar:E:\workplace\Yatra\lib\SaxonLiaison.jar:E:\workplace\Yatra\lib\ant-javamail-1.9.4.jar:E:\workplace\Yatra\lib\apache-mime4j-0.6.jar:E:\workplace\Yatra\lib\bsh-1.3.0.jar:E:\workplace\Yatra\lib\cglib-nodep-2.1_3.jar:E:\workplace\Yatra\lib\commons-codec-1.5.jar:E:\workplace\Yatra\lib\commons-codec-1.9.jar:E:\workplace\Yatra\lib\commons-collections-3.2.1.jar:E:\workplace\Yatra\lib\commons-exec-1.1.jar:E:\workplace\Yatra\lib\commons-io-2.4.jar:E:\workplace\Yatra\lib\commons-jxpath-1.3.jar:E:\workplace\Yatra\lib\commons-lang3-3.3.2.jar:E:\workplace\Yatra\lib\commons-logging-1.1.3.jar:E:\workplace\Yatra\lib\commons-logging-1.1.jar:E:\workplace\Yatra\lib\cssparser-0.9.14.jar:E:\workplace\Yatra\lib\dom4j-1.6.1.jar:E:\workplace\Yatra\lib\guava-15.0.jar:E:\workplace\Yatra\lib\hamcrest-core-1.3.jar:E:\workplace\Yatra\lib\hamcrest-library-1.3.jar:E:\workplace\Yatra\lib\htmlunit-2.15.jar:E:\workplace\Yatra\lib\htmlunit-core-js-2.15.jar:E:\workplace\Yatra\lib\httpclient-4.3.4.jar:E:\workplace\Yatra\lib\httpcore-4.3.2.jar:E:\workplace\Yatra\lib\httpmime-4.3.4.jar:E:\workplace\Yatra\lib\ini4j-0.5.2.jar:E:\workplace\Yatra\lib\javax.mail.jar:E:\workplace\Yatra\lib\jcommander-1.29.jar:E:\workplace\Yatra\lib\jetty-websocket-8.1.8.jar:E:\workplace\Yatra\lib\jfreechart-1.0.14.jar:E:\workplace\Yatra\lib\jna-3.4.0.jar:E:\workplace\Yatra\lib\jna-platform-3.4.0.jar:E:\workplace\Yatra\lib\json-20080701.jar:E:\workplace\Yatra\lib\junit-4.11.jar:E:\workplace\Yatra\lib\junit-dep-4.11.jar:E:\workplace\Yatra\lib\log4j-1.2.13.jar:E:\workplace\Yatra\lib\log4j-1.2.17.jar:E:\workplace\Yatra\lib\mysql-connector-java-5.1.18-bin.jar:E:\workplace\Yatra\lib\nekohtml-1.9.21.jar:E:\workplace\Yatra\lib\netty-3.5.7.Final.jar:E:\workplace\Yatra\lib\operadriver-1.5.jar:E:\workplace\Yatra\lib\phantomjsdriver-1.1.0.jar:E:\workplace\Yatra\lib\poi-3.10.1-20140818.jar:E:\workplace\Yatra\lib\poi-examples-3.10.1-20140818.jar:E:\workplace\Yatra\lib\poi-excelant-3.10.1-20140818.jar:E:\workplace\Yatra\lib\poi-ooxml-3.10.1-20140818.jar:E:\workplace\Yatra\lib\poi-ooxml-schemas-3.10.1-20140818.jar:E:\workplace\Yatra\lib\poi-scratchpad-3.10.1-20140818.jar:E:\workplace\Yatra\lib\protobuf-java-2.4.1.jar:E:\workplace\Yatra\lib\sac-1.3.jar:E:\workplace\Yatra\lib\saxon-8.7.jar:E:\workplace\Yatra\lib\selenium-java-2.43.0-srcs.jar:E:\workplace\Yatra\lib\selenium-java-2.43.0.jar:E:\workplace\Yatra\lib\serializer-2.7.1.jar:E:\workplace\Yatra\lib\stax-api-1.0.1.jar:E:\workplace\Yatra\lib\testng-6.8.5.jar:E:\workplace\Yatra\lib\xalan-2.7.1.jar:E:\workplace\Yatra\lib\xercesImpl-2.11.0.jar:E:\workplace\Yatra\lib\xml-apis-1.4.01.jar:E:\workplace\Yatra\lib\xmlbeans-2.6.0.jar
setClassPath:  duration 0 seconds

loadTestNG:
loadTestNG:  duration 0 seconds

compile:
     [echo] classpath:E:\workplace\Yatra:E:\workplace\Yatra\lib\ATUReporter_Selenium_testNG_5.1.1.jar:E:\workplace\Yatra\lib\ATUTestRecorder_2.1.jar:E:\workplace\Yatra\lib\SaxonLiaison.jar:E:\workplace\Yatra\lib\ant-javamail-1.9.4.jar:E:\workplace\Yatra\lib\apache-mime4j-0.6.jar:E:\workplace\Yatra\lib\bsh-1.3.0.jar:E:\workplace\Yatra\lib\cglib-nodep-2.1_3.jar:E:\workplace\Yatra\lib\commons-codec-1.5.jar:E:\workplace\Yatra\lib\commons-codec-1.9.jar:E:\workplace\Yatra\lib\commons-collections-3.2.1.jar:E:\workplace\Yatra\lib\commons-exec-1.1.jar:E:\workplace\Yatra\lib\commons-io-2.4.jar:E:\workplace\Yatra\lib\commons-jxpath-1.3.jar:E:\workplace\Yatra\lib\commons-lang3-3.3.2.jar:E:\workplace\Yatra\lib\commons-logging-1.1.3.jar:E:\workplace\Yatra\lib\commons-logging-1.1.jar:E:\workplace\Yatra\lib\cssparser-0.9.14.jar:E:\workplace\Yatra\lib\dom4j-1.6.1.jar:E:\workplace\Yatra\lib\guava-15.0.jar:E:\workplace\Yatra\lib\hamcrest-core-1.3.jar:E:\workplace\Yatra\lib\hamcrest-library-1.3.jar:E:\workplace\Yatra\lib\htmlunit-2.15.jar:E:\workplace\Yatra\lib\htmlunit-core-js-2.15.jar:E:\workplace\Yatra\lib\httpclient-4.3.4.jar:E:\workplace\Yatra\lib\httpcore-4.3.2.jar:E:\workplace\Yatra\lib\httpmime-4.3.4.jar:E:\workplace\Yatra\lib\ini4j-0.5.2.jar:E:\workplace\Yatra\lib\javax.mail.jar:E:\workplace\Yatra\lib\jcommander-1.29.jar:E:\workplace\Yatra\lib\jetty-websocket-8.1.8.jar:E:\workplace\Yatra\lib\jfreechart-1.0.14.jar:E:\workplace\Yatra\lib\jna-3.4.0.jar:E:\workplace\Yatra\lib\jna-platform-3.4.0.jar:E:\workplace\Yatra\lib\json-20080701.jar:E:\workplace\Yatra\lib\junit-4.11.jar:E:\workplace\Yatra\lib\junit-dep-4.11.jar:E:\workplace\Yatra\lib\log4j-1.2.13.jar:E:\workplace\Yatra\lib\log4j-1.2.17.jar:E:\workplace\Yatra\lib\mysql-connector-java-5.1.18-bin.jar:E:\workplace\Yatra\lib\nekohtml-1.9.21.jar:E:\workplace\Yatra\lib\netty-3.5.7.Final.jar:E:\workplace\Yatra\lib\operadriver-1.5.jar:E:\workplace\Yatra\lib\phantomjsdriver-1.1.0.jar:E:\workplace\Yatra\lib\poi-3.10.1-20140818.jar:E:\workplace\Yatra\lib\poi-examples-3.10.1-20140818.jar:E:\workplace\Yatra\lib\poi-excelant-3.10.1-20140818.jar:E:\workplace\Yatra\lib\poi-ooxml-3.10.1-20140818.jar:E:\workplace\Yatra\lib\poi-ooxml-schemas-3.10.1-20140818.jar:E:\workplace\Yatra\lib\poi-scratchpad-3.10.1-20140818.jar:E:\workplace\Yatra\lib\protobuf-java-2.4.1.jar:E:\workplace\Yatra\lib\sac-1.3.jar:E:\workplace\Yatra\lib\saxon-8.7.jar:E:\workplace\Yatra\lib\selenium-java-2.43.0-srcs.jar:E:\workplace\Yatra\lib\selenium-java-2.43.0.jar:E:\workplace\Yatra\lib\serializer-2.7.1.jar:E:\workplace\Yatra\lib\stax-api-1.0.1.jar:E:\workplace\Yatra\lib\testng-6.8.5.jar:E:\workplace\Yatra\lib\xalan-2.7.1.jar:E:\workplace\Yatra\lib\xercesImpl-2.11.0.jar:E:\workplace\Yatra\lib\xml-apis-1.4.01.jar:E:\workplace\Yatra\lib\xmlbeans-2.6.0.jar
     [echo] compiling..........
    [javac] E:\workplace\Yatra\build.xml:34: warning: 'includeantruntime' was not set, defaulting to build.sysclasspath=last; set to false for repeatable builds
    [javac] E:\workplace\Yatra\src\Yathra.properties skipped - don't know how to handle it
    [javac] E:\workplace\Yatra\src\atu.properties skipped - don't know how to handle it
    [javac] com\Yatra\automationscript\Demo.java added as com\Yatra\automationscript\Demo.class doesn't exist.
    [javac] com\Yatra\automationscript\FlightMulticity.java added as com\Yatra\automationscript\FlightMulticity.class doesn't exist.
    [javac] com\Yatra\automationscript\FlightOneWay.java added as com\Yatra\automationscript\FlightOneWay.class doesn't exist.
    [javac] com\Yatra\automationscript\FlightTowWay.java added as com\Yatra\automationscript\FlightTowWay.class doesn't exist.
    [javac] com\Yatra\automationscript\SighinIn.java added as com\Yatra\automationscript\SighinIn.class doesn't exist.
    [javac] com\Yatra\automationscript\SighinUp.java added as com\Yatra\automationscript\SighinUp.class doesn't exist.
    [javac] com\Yatra\bean\FlightOneWayData.java added as com\Yatra\bean\FlightOneWayData.class doesn't exist.
    [javac] com\Yatra\bean\SighinIndata.java added as com\Yatra\bean\SighinIndata.class doesn't exist.
    [javac] com\Yatra\bean\SighinUpdetail.java added as com\Yatra\bean\SighinUpdetail.class doesn't exist.
    [javac] com\Yatra\dblayer\CreatTabe.java added as com\Yatra\dblayer\CreatTabe.class doesn't exist.
    [javac] com\Yatra\dblayer\DataStorge.java added as com\Yatra\dblayer\DataStorge.class doesn't exist.
    [javac] com\Yatra\dblayer\DealateData.java added as com\Yatra\dblayer\DealateData.class doesn't exist.
    [javac] com\Yatra\dblayer\Exceldatamanager.java added as com\Yatra\dblayer\Exceldatamanager.class doesn't exist.
    [javac] com\Yatra\dblayer\InsertData.java added as com\Yatra\dblayer\InsertData.class doesn't exist.
    [javac] com\Yatra\dblayer\LikeClouse.java added as com\Yatra\dblayer\LikeClouse.class doesn't exist.
    [javac] com\Yatra\dblayer\SQLserver.java added as com\Yatra\dblayer\SQLserver.class doesn't exist.
    [javac] com\Yatra\dblayer\SelectRacord.java added as com\Yatra\dblayer\SelectRacord.class doesn't exist.
    [javac] com\Yatra\dblayer\UpdateRacord.java added as com\Yatra\dblayer\UpdateRacord.class doesn't exist.
    [javac] com\Yatra\dblayer\WhereData.java added as com\Yatra\dblayer\WhereData.class doesn't exist.
    [javac] E:\workplace\Yatra\src\com\Yatra\dblayer\chromedriver.exe skipped - don't know how to handle it
    [javac] E:\workplace\Yatra\src\com\Yatra\dblayer\log4j.xml skipped - don't know how to handle it
    [javac] E:\workplace\Yatra\src\com\Yatra\dblayer\testng-results.xsl skipped - don't know how to handle it
    [javac] com\Yatra\objectrepositroy\FlightOneWayLocater.java added as com\Yatra\objectrepositroy\FlightOneWayLocater.class doesn't exist.
    [javac] com\Yatra\objectrepositroy\FlightmulticityLocater.java added as com\Yatra\objectrepositroy\FlightmulticityLocater.class doesn't exist.
    [javac] com\Yatra\objectrepositroy\SighinInLocater.java added as com\Yatra\objectrepositroy\SighinInLocater.class doesn't exist.
    [javac] com\Yatra\objectrepositroy\SighinUpData.java added as com\Yatra\objectrepositroy\SighinUpData.class doesn't exist.
    [javac] com\Yatra\utilites\BussenesCompernat.java added as com\Yatra\utilites\BussenesCompernat.class doesn't exist.
    [javac] com\Yatra\utilites\PropertyHandler.java added as com\Yatra\utilites\PropertyHandler.class doesn't exist.
    [javac] com\Yatra\utilites\YatraAbstract.java added as com\Yatra\utilites\YatraAbstract.class doesn't exist.
    [javac] com\Yatra\utilites\Yatradriver.java added as com\Yatra\utilites\Yatradriver.class doesn't exist.
    [javac] E:\workplace\Yatra\src\resources\testng-results.xsl skipped - don't know how to handle it
    [javac] Compiling 27 source files to E:\workplace\Yatra\reportlayer\build
    [javac] Using modern compiler
    [javac] Compilation arguments:
'-d'
'E:\workplace\Yatra\reportlayer\build'
'-classpath'
'E:\workplace\Yatra\reportlayer\build;E:\workplace\Yatra;E:\workplace\Yatra\lib\ATUReporter_Selenium_testNG_5.1.1.jar;E:\workplace\Yatra\lib\ATUTestRecorder_2.1.jar;E:\workplace\Yatra\lib\SaxonLiaison.jar;E:\workplace\Yatra\lib\ant-javamail-1.9.4.jar;E:\workplace\Yatra\lib\apache-mime4j-0.6.jar;E:\workplace\Yatra\lib\bsh-1.3.0.jar;E:\workplace\Yatra\lib\cglib-nodep-2.1_3.jar;E:\workplace\Yatra\lib\commons-codec-1.5.jar;E:\workplace\Yatra\lib\commons-codec-1.9.jar;E:\workplace\Yatra\lib\commons-collections-3.2.1.jar;E:\workplace\Yatra\lib\commons-exec-1.1.jar;E:\workplace\Yatra\lib\commons-io-2.4.jar;E:\workplace\Yatra\lib\commons-jxpath-1.3.jar;E:\workplace\Yatra\lib\commons-lang3-3.3.2.jar;E:\workplace\Yatra\lib\commons-logging-1.1.3.jar;E:\workplace\Yatra\lib\commons-logging-1.1.jar;E:\workplace\Yatra\lib\cssparser-0.9.14.jar;E:\workplace\Yatra\lib\dom4j-1.6.1.jar;E:\workplace\Yatra\lib\guava-15.0.jar;E:\workplace\Yatra\lib\hamcrest-core-1.3.jar;E:\workplace\Yatra\lib\hamcrest-library-1.3.jar;E:\workplace\Yatra\lib\htmlunit-2.15.jar;E:\workplace\Yatra\lib\htmlunit-core-js-2.15.jar;E:\workplace\Yatra\lib\httpclient-4.3.4.jar;E:\workplace\Yatra\lib\httpcore-4.3.2.jar;E:\workplace\Yatra\lib\httpmime-4.3.4.jar;E:\workplace\Yatra\lib\ini4j-0.5.2.jar;E:\workplace\Yatra\lib\javax.mail.jar;E:\workplace\Yatra\lib\jcommander-1.29.jar;E:\workplace\Yatra\lib\jetty-websocket-8.1.8.jar;E:\workplace\Yatra\lib\jfreechart-1.0.14.jar;E:\workplace\Yatra\lib\jna-3.4.0.jar;E:\workplace\Yatra\lib\jna-platform-3.4.0.jar;E:\workplace\Yatra\lib\json-20080701.jar;E:\workplace\Yatra\lib\junit-4.11.jar;E:\workplace\Yatra\lib\junit-dep-4.11.jar;E:\workplace\Yatra\lib\log4j-1.2.13.jar;E:\workplace\Yatra\lib\log4j-1.2.17.jar;E:\workplace\Yatra\lib\mysql-connector-java-5.1.18-bin.jar;E:\workplace\Yatra\lib\nekohtml-1.9.21.jar;E:\workplace\Yatra\lib\netty-3.5.7.Final.jar;E:\workplace\Yatra\lib\operadriver-1.5.jar;E:\workplace\Yatra\lib\phantomjsdriver-1.1.0.jar;E:\workplace\Yatra\lib\poi-3.10.1-20140818.jar;E:\workplace\Yatra\lib\poi-examples-3.10.1-20140818.jar;E:\workplace\Yatra\lib\poi-excelant-3.10.1-20140818.jar;E:\workplace\Yatra\lib\poi-ooxml-3.10.1-20140818.jar;E:\workplace\Yatra\lib\poi-ooxml-schemas-3.10.1-20140818.jar;E:\workplace\Yatra\lib\poi-scratchpad-3.10.1-20140818.jar;E:\workplace\Yatra\lib\protobuf-java-2.4.1.jar;E:\workplace\Yatra\lib\sac-1.3.jar;E:\workplace\Yatra\lib\saxon-8.7.jar;E:\workplace\Yatra\lib\selenium-java-2.43.0-srcs.jar;E:\workplace\Yatra\lib\selenium-java-2.43.0.jar;E:\workplace\Yatra\lib\serializer-2.7.1.jar;E:\workplace\Yatra\lib\stax-api-1.0.1.jar;E:\workplace\Yatra\lib\testng-6.8.5.jar;E:\workplace\Yatra\lib\xalan-2.7.1.jar;E:\workplace\Yatra\lib\xercesImpl-2.11.0.jar;E:\workplace\Yatra\lib\xml-apis-1.4.01.jar;E:\workplace\Yatra\lib\xmlbeans-2.6.0.jar;D:\apache-ant-1.9.3\lib\ant-launcher.jar;D:\apache-ant-1.9.3\lib\ant-antlr.jar;D:\apache-ant-1.9.3\lib\ant-apache-bcel.jar;D:\apache-ant-1.9.3\lib\ant-apache-bsf.jar;D:\apache-ant-1.9.3\lib\ant-apache-log4j.jar;D:\apache-ant-1.9.3\lib\ant-apache-oro.jar;D:\apache-ant-1.9.3\lib\ant-apache-regexp.jar;D:\apache-ant-1.9.3\lib\ant-apache-resolver.jar;D:\apache-ant-1.9.3\lib\ant-apache-xalan2.jar;D:\apache-ant-1.9.3\lib\ant-commons-logging.jar;D:\apache-ant-1.9.3\lib\ant-commons-net.jar;D:\apache-ant-1.9.3\lib\ant-jai.jar;D:\apache-ant-1.9.3\lib\ant-javamail.jar;D:\apache-ant-1.9.3\lib\ant-jdepend.jar;D:\apache-ant-1.9.3\lib\ant-jmf.jar;D:\apache-ant-1.9.3\lib\ant-jsch.jar;D:\apache-ant-1.9.3\lib\ant-junit.jar;D:\apache-ant-1.9.3\lib\ant-junit4.jar;D:\apache-ant-1.9.3\lib\ant-netrexx.jar;D:\apache-ant-1.9.3\lib\ant-swing.jar;D:\apache-ant-1.9.3\lib\ant-testutil.jar;D:\apache-ant-1.9.3\lib\ant.jar;C:\Program Files\Java\jdk1.7.0_65\lib\tools.jar'
'-sourcepath'
'E:\workplace\Yatra\src'
'-g:none'

The ' characters around the executable and arguments are
not part of the command.
    [javac] Files to be compiled:
    E:\workplace\Yatra\src\com\Yatra\automationscript\Demo.java
    E:\workplace\Yatra\src\com\Yatra\automationscript\FlightMulticity.java
    E:\workplace\Yatra\src\com\Yatra\automationscript\FlightOneWay.java
    E:\workplace\Yatra\src\com\Yatra\automationscript\FlightTowWay.java
    E:\workplace\Yatra\src\com\Yatra\automationscript\SighinIn.java
    E:\workplace\Yatra\src\com\Yatra\automationscript\SighinUp.java
    E:\workplace\Yatra\src\com\Yatra\bean\FlightOneWayData.java
    E:\workplace\Yatra\src\com\Yatra\bean\SighinIndata.java
    E:\workplace\Yatra\src\com\Yatra\bean\SighinUpdetail.java
    E:\workplace\Yatra\src\com\Yatra\dblayer\CreatTabe.java
    E:\workplace\Yatra\src\com\Yatra\dblayer\DataStorge.java
    E:\workplace\Yatra\src\com\Yatra\dblayer\DealateData.java
    E:\workplace\Yatra\src\com\Yatra\dblayer\Exceldatamanager.java
    E:\workplace\Yatra\src\com\Yatra\dblayer\InsertData.java
    E:\workplace\Yatra\src\com\Yatra\dblayer\LikeClouse.java
    E:\workplace\Yatra\src\com\Yatra\dblayer\SQLserver.java
    E:\workplace\Yatra\src\com\Yatra\dblayer\SelectRacord.java
    E:\workplace\Yatra\src\com\Yatra\dblayer\UpdateRacord.java
    E:\workplace\Yatra\src\com\Yatra\dblayer\WhereData.java
    E:\workplace\Yatra\src\com\Yatra\objectrepositroy\FlightOneWayLocater.java
    E:\workplace\Yatra\src\com\Yatra\objectrepositroy\FlightmulticityLocater.java
    E:\workplace\Yatra\src\com\Yatra\objectrepositroy\SighinInLocater.java
    E:\workplace\Yatra\src\com\Yatra\objectrepositroy\SighinUpData.java
    E:\workplace\Yatra\src\com\Yatra\utilites\BussenesCompernat.java
    E:\workplace\Yatra\src\com\Yatra\utilites\PropertyHandler.java
    E:\workplace\Yatra\src\com\Yatra\utilites\YatraAbstract.java
    E:\workplace\Yatra\src\com\Yatra\utilites\Yatradriver.java
compile:  duration 1 second

copyTask:
     [copy] Yathra.properties added as Yathra.properties doesn't exist.
     [copy] atu.properties added as atu.properties doesn't exist.
     [copy] com\Yatra\dblayer\chromedriver.exe added as com\Yatra\dblayer\chromedriver.exe doesn't exist.
     [copy] com\Yatra\dblayer\log4j.xml added as com\Yatra\dblayer\log4j.xml doesn't exist.
     [copy] com\Yatra\dblayer\testng-results.xsl added as com\Yatra\dblayer\testng-results.xsl doesn't exist.
     [copy] resources\testng-results.xsl added as resources\testng-results.xsl doesn't exist.
     [copy]  omitted as E:\workplace\Yatra\reportlayer\build is up to date.
     [copy] com omitted as E:\workplace\Yatra\reportlayer\build\com is up to date.
     [copy] com\Yatra omitted as E:\workplace\Yatra\reportlayer\build\com\Yatra is up to date.
     [copy] com\Yatra\automationscript omitted as E:\workplace\Yatra\reportlayer\build\com\Yatra\automationscript is up to date.
     [copy] com\Yatra\bean omitted as E:\workplace\Yatra\reportlayer\build\com\Yatra\bean is up to date.
     [copy] com\Yatra\dblayer omitted as E:\workplace\Yatra\reportlayer\build\com\Yatra\dblayer is up to date.
     [copy] com\Yatra\objectrepositroy omitted as E:\workplace\Yatra\reportlayer\build\com\Yatra\objectrepositroy is up to date.
     [copy] com\Yatra\utilites omitted as E:\workplace\Yatra\reportlayer\build\com\Yatra\utilites is up to date.
     [copy] resources added as resources doesn't exist.
     [copy] Copying 6 files to E:\workplace\Yatra\reportlayer\build
     [copy] Copying E:\workplace\Yatra\src\Yathra.properties to E:\workplace\Yatra\reportlayer\build\Yathra.properties
     [copy] Copying E:\workplace\Yatra\src\atu.properties to E:\workplace\Yatra\reportlayer\build\atu.properties
     [copy] Copying E:\workplace\Yatra\src\com\Yatra\dblayer\chromedriver.exe to E:\workplace\Yatra\reportlayer\build\com\Yatra\dblayer\chromedriver.exe
     [copy] Copying E:\workplace\Yatra\src\com\Yatra\dblayer\log4j.xml to E:\workplace\Yatra\reportlayer\build\com\Yatra\dblayer\log4j.xml
     [copy] Copying E:\workplace\Yatra\src\com\Yatra\dblayer\testng-results.xsl to E:\workplace\Yatra\reportlayer\build\com\Yatra\dblayer\testng-results.xsl
     [copy] Copying E:\workplace\Yatra\src\resources\testng-results.xsl to E:\workplace\Yatra\reportlayer\build\resources\testng-results.xsl
copyTask:  duration 0 seconds

jar:
     [echo] [ZIP]creating zip file
      [zip] Building zip: E:\workplace\Yatra\reportlayer\build\yatra.jar
      [zip] adding directory com/
      [zip] adding directory com/Yatra/
      [zip] adding directory com/Yatra/automationscript/
      [zip] adding directory com/Yatra/bean/
      [zip] adding directory com/Yatra/dblayer/
      [zip] adding directory com/Yatra/objectrepositroy/
      [zip] adding directory com/Yatra/utilites/
      [zip] adding directory resources/
      [zip] adding entry Yathra.properties
      [zip] adding entry atu.properties
      [zip] adding entry com/Yatra/automationscript/Demo.class
      [zip] adding entry com/Yatra/automationscript/FlightMulticity.class
      [zip] adding entry com/Yatra/automationscript/FlightOneWay.class
      [zip] adding entry com/Yatra/automationscript/FlightTowWay.class
      [zip] adding entry com/Yatra/automationscript/SighinIn.class
      [zip] adding entry com/Yatra/automationscript/SighinUp.class
      [zip] adding entry com/Yatra/bean/FlightOneWayData.class
      [zip] adding entry com/Yatra/bean/SighinIndata.class
      [zip] adding entry com/Yatra/bean/SighinUpdetail.class
      [zip] adding entry com/Yatra/dblayer/CreatTabe.class
      [zip] adding entry com/Yatra/dblayer/DataStorge.class
      [zip] adding entry com/Yatra/dblayer/DealateData.class
      [zip] adding entry com/Yatra/dblayer/Exceldatamanager.class
      [zip] adding entry com/Yatra/dblayer/InsertData.class
      [zip] adding entry com/Yatra/dblayer/LikeClouse.class
      [zip] adding entry com/Yatra/dblayer/SQLserver.class
      [zip] adding entry com/Yatra/dblayer/SelectRacord.class
      [zip] adding entry com/Yatra/dblayer/UpdateRacord.class
      [zip] adding entry com/Yatra/dblayer/WhereData.class
      [zip] adding entry com/Yatra/dblayer/chromedriver.exe
      [zip] adding entry com/Yatra/dblayer/log4j.xml
      [zip] adding entry com/Yatra/dblayer/testng-results.xsl
      [zip] adding entry com/Yatra/objectrepositroy/FlightOneWayLocater.class
      [zip] adding entry com/Yatra/objectrepositroy/FlightmulticityLocater.class
      [zip] adding entry com/Yatra/objectrepositroy/SighinInLocater.class
      [zip] adding entry com/Yatra/objectrepositroy/SighinUpData.class
      [zip] adding entry com/Yatra/utilites/BussenesCompernat.class
      [zip] adding entry com/Yatra/utilites/PropertyHandler.class
      [zip] adding entry com/Yatra/utilites/YatraAbstract.class
      [zip] adding entry com/Yatra/utilites/Yatradriver.class
      [zip] adding entry resources/testng-results.xsl
jar:  duration 0 seconds

runTests:
   [testng] Executing 'C:\Program Files\Java\jdk1.7.0_65\jre\bin\java.exe' with arguments:
'-ea'
'-classpath'
'E:\workplace\Yatra;E:\workplace\Yatra\lib\ATUReporter_Selenium_testNG_5.1.1.jar;E:\workplace\Yatra\lib\ATUTestRecorder_2.1.jar;E:\workplace\Yatra\lib\SaxonLiaison.jar;E:\workplace\Yatra\lib\ant-javamail-1.9.4.jar;E:\workplace\Yatra\lib\apache-mime4j-0.6.jar;E:\workplace\Yatra\lib\bsh-1.3.0.jar;E:\workplace\Yatra\lib\cglib-nodep-2.1_3.jar;E:\workplace\Yatra\lib\commons-codec-1.5.jar;E:\workplace\Yatra\lib\commons-codec-1.9.jar;E:\workplace\Yatra\lib\commons-collections-3.2.1.jar;E:\workplace\Yatra\lib\commons-exec-1.1.jar;E:\workplace\Yatra\lib\commons-io-2.4.jar;E:\workplace\Yatra\lib\commons-jxpath-1.3.jar;E:\workplace\Yatra\lib\commons-lang3-3.3.2.jar;E:\workplace\Yatra\lib\commons-logging-1.1.3.jar;E:\workplace\Yatra\lib\commons-logging-1.1.jar;E:\workplace\Yatra\lib\cssparser-0.9.14.jar;E:\workplace\Yatra\lib\dom4j-1.6.1.jar;E:\workplace\Yatra\lib\guava-15.0.jar;E:\workplace\Yatra\lib\hamcrest-core-1.3.jar;E:\workplace\Yatra\lib\hamcrest-library-1.3.jar;E:\workplace\Yatra\lib\htmlunit-2.15.jar;E:\workplace\Yatra\lib\htmlunit-core-js-2.15.jar;E:\workplace\Yatra\lib\httpclient-4.3.4.jar;E:\workplace\Yatra\lib\httpcore-4.3.2.jar;E:\workplace\Yatra\lib\httpmime-4.3.4.jar;E:\workplace\Yatra\lib\ini4j-0.5.2.jar;E:\workplace\Yatra\lib\javax.mail.jar;E:\workplace\Yatra\lib\jcommander-1.29.jar;E:\workplace\Yatra\lib\jetty-websocket-8.1.8.jar;E:\workplace\Yatra\lib\jfreechart-1.0.14.jar;E:\workplace\Yatra\lib\jna-3.4.0.jar;E:\workplace\Yatra\lib\jna-platform-3.4.0.jar;E:\workplace\Yatra\lib\json-20080701.jar;E:\workplace\Yatra\lib\junit-4.11.jar;E:\workplace\Yatra\lib\junit-dep-4.11.jar;E:\workplace\Yatra\lib\log4j-1.2.13.jar;E:\workplace\Yatra\lib\log4j-1.2.17.jar;E:\workplace\Yatra\lib\mysql-connector-java-5.1.18-bin.jar;E:\workplace\Yatra\lib\nekohtml-1.9.21.jar;E:\workplace\Yatra\lib\netty-3.5.7.Final.jar;E:\workplace\Yatra\lib\operadriver-1.5.jar;E:\workplace\Yatra\lib\phantomjsdriver-1.1.0.jar;E:\workplace\Yatra\lib\poi-3.10.1-20140818.jar;E:\workplace\Yatra\lib\poi-examples-3.10.1-20140818.jar;E:\workplace\Yatra\lib\poi-excelant-3.10.1-20140818.jar;E:\workplace\Yatra\lib\poi-ooxml-3.10.1-20140818.jar;E:\workplace\Yatra\lib\poi-ooxml-schemas-3.10.1-20140818.jar;E:\workplace\Yatra\lib\poi-scratchpad-3.10.1-20140818.jar;E:\workplace\Yatra\lib\protobuf-java-2.4.1.jar;E:\workplace\Yatra\lib\sac-1.3.jar;E:\workplace\Yatra\lib\saxon-8.7.jar;E:\workplace\Yatra\lib\selenium-java-2.43.0-srcs.jar;E:\workplace\Yatra\lib\selenium-java-2.43.0.jar;E:\workplace\Yatra\lib\serializer-2.7.1.jar;E:\workplace\Yatra\lib\stax-api-1.0.1.jar;E:\workplace\Yatra\lib\testng-6.8.5.jar;E:\workplace\Yatra\lib\xalan-2.7.1.jar;E:\workplace\Yatra\lib\xercesImpl-2.11.0.jar;E:\workplace\Yatra\lib\xml-apis-1.4.01.jar;E:\workplace\Yatra\lib\xmlbeans-2.6.0.jar;E:\workplace\Yatra\reportlayer\build'
'org.testng.TestNG'
'@C:\Users\Babu\AppData\Local\Temp\testng5844295304181779121'

The ' characters around the executable and arguments are
not part of the command.
   [testng] [TestNG] Running:
   [testng]   E:\workplace\Yatra\testng.xml
   [testng] 
   [testng] log4j:WARN No appenders could be found for logger (org.apache.http.client.protocol.RequestAddCookies).
   [testng] log4j:WARN Please initialize the log4j system properly.
   [testng] 
   [testng] ===============================================
   [testng] Suite
   [testng] Total tests run: 1, Failures: 0, Skips: 0
   [testng] ===============================================
   [testng] 
runTests:  duration 1 minute 29 seconds

report:
   [delete] Deleting directory E:\workplace\Yatra\reportlayer\TestReport\testng-xslt
   [delete] Deleting E:\workplace\Yatra\reportlayer\TestReport\testng-xslt\index.html
   [delete] Deleting directory E:\workplace\Yatra\reportlayer\TestReport\testng-xslt
    [mkdir] Created dir: E:\workplace\Yatra\reportlayer\TestReport\testng-xslt
     [xslt] Using class SaxonLiaison
     [xslt] Processing E:\workplace\Yatra\test-output\testng-results.xml to E:\workplace\Yatra\reportlayer\TestReport\testng-xslt\index.html
     [xslt] Loading stylesheet E:\workplace\Yatra\src\com\Yatra\dblayer\testng-results.xsl
report:  duration 2 seconds

BUILD SUCCESSFUL
